<?xml version="1.0" encoding="UTF-8"?>
<testng-results ignored="0" total="2" passed="2" failed="0" skipped="0">
  <reporter-output>
  </reporter-output>
  <suite started-at="2019-10-04T15:02:47 IST" name="Suite" finished-at="2019-10-04T15:02:47 IST" duration-ms="30">
    <groups>
    </groups>
    <test started-at="2019-10-04T15:02:47 IST" name="Test" finished-at="2019-10-04T15:02:47 IST" duration-ms="30">
      <class name="ToolsQA.SeleniumTest">
        <test-method signature="WebAutomation()[pri:0, instance:ToolsQA.SeleniumTest@221af3c0]" started-at="2019-10-04T15:02:47 IST" name="WebAutomation" finished-at="2019-10-04T15:02:47 IST" duration-ms="0" status="PASS">
          <reporter-output>
          </reporter-output>
        </test-method> <!-- WebAutomation -->
      </class> <!-- ToolsQA.SeleniumTest -->
      <class name="ToolsQA.AppiumTest">
        <test-method signature="mobiletest()[pri:0, instance:ToolsQA.AppiumTest@19dc67c2]" started-at="2019-10-04T15:02:47 IST" name="mobiletest" finished-at="2019-10-04T15:02:47 IST" duration-ms="4" status="PASS">
          <reporter-output>
          </reporter-output>
        </test-method> <!-- mobiletest -->
      </class> <!-- ToolsQA.AppiumTest -->
    </test> <!-- Test -->
  </suite> <!-- Suite -->
</testng-results>
